This is pdfTeX, Version 3.14159265-2.6-1.40.21 (TeX Live 2020/W32TeX) (preloaded format=pdflatex 2020.12.6)  27 APR 2022 08:23
entering extended mode
 restricted \write18 enabled.
 %&-line parsing enabled.
**document.tex
(./document.tex
LaTeX2e <2020-10-01> patch level 2
L3 programming layer <2020-12-03> xparse <2020-03-03>
(e:/software/texlive/2020/texmf-dist/tex/latex/base/article.cls
Document Class: article 2020/04/10 v1.4m Standard LaTeX document class
(e:/software/texlive/2020/texmf-dist/tex/latex/base/size10.clo
File: size10.clo 2020/04/10 v1.4m Standard LaTeX file (size option)
)
\c@part=\count177
\c@section=\count178
\c@subsection=\count179
\c@subsubsection=\count180
\c@paragraph=\count181
\c@subparagraph=\count182
\c@figure=\count183
\c@table=\count184
\abovecaptionskip=\skip47
\belowcaptionskip=\skip48
\bibindent=\dimen138
)
(e:/software/texlive/2020/texmf-dist/tex/latex/parskip/parskip.sty
Package: parskip 2020-06-15 v2.0f non-zero parskip adjustments

(e:/software/texlive/2020/texmf-dist/tex/latex/kvoptions/kvoptions.sty
Package: kvoptions 2020-10-07 v3.14 Key value format for package options (HO)

(e:/software/texlive/2020/texmf-dist/tex/latex/graphics/keyval.sty
Package: keyval 2014/10/28 v1.15 key=value parser (DPC)
\KV@toks@=\toks15
)
(e:/software/texlive/2020/texmf-dist/tex/generic/ltxcmds/ltxcmds.sty
Package: ltxcmds 2020-05-10 v1.25 LaTeX kernel commands for general use (HO)
)
(e:/software/texlive/2020/texmf-dist/tex/generic/kvsetkeys/kvsetkeys.sty
Package: kvsetkeys 2019/12/15 v1.18 Key value parser (HO)
))
(e:/software/texlive/2020/texmf-dist/tex/latex/etoolbox/etoolbox.sty
Package: etoolbox 2020/10/05 v2.5k e-TeX tools for LaTeX (JAW)
\etb@tempcnta=\count185
))
(e:/software/texlive/2020/texmf-dist/tex/latex/amscls/amsthm.sty
Package: amsthm 2020/05/29 v2.20.6
\thm@style=\toks16
\thm@bodyfont=\toks17
\thm@headfont=\toks18
\thm@notefont=\toks19
\thm@headpunct=\toks20
\thm@preskip=\skip49
\thm@postskip=\skip50
\thm@headsep=\skip51
\dth@everypar=\toks21
)
(e:/software/texlive/2020/texmf-dist/tex/latex/amsmath/amsmath.sty
Package: amsmath 2020/09/23 v2.17i AMS math features
\@mathmargin=\skip52

For additional information on amsmath, use the `?' option.
(e:/software/texlive/2020/texmf-dist/tex/latex/amsmath/amstext.sty
Package: amstext 2000/06/29 v2.01 AMS text

(e:/software/texlive/2020/texmf-dist/tex/latex/amsmath/amsgen.sty
File: amsgen.sty 1999/11/30 v2.0 generic functions
\@emptytoks=\toks22
\ex@=\dimen139
))
(e:/software/texlive/2020/texmf-dist/tex/latex/amsmath/amsbsy.sty
Package: amsbsy 1999/11/29 v1.2d Bold Symbols
\pmbraise@=\dimen140
)
(e:/software/texlive/2020/texmf-dist/tex/latex/amsmath/amsopn.sty
Package: amsopn 2016/03/08 v2.02 operator names
)
\inf@bad=\count186
LaTeX Info: Redefining \frac on input line 234.
\uproot@=\count187
\leftroot@=\count188
LaTeX Info: Redefining \overline on input line 399.
\classnum@=\count189
\DOTSCASE@=\count190
LaTeX Info: Redefining \ldots on input line 496.
LaTeX Info: Redefining \dots on input line 499.
LaTeX Info: Redefining \cdots on input line 620.
\Mathstrutbox@=\box47
\strutbox@=\box48
\big@size=\dimen141
LaTeX Font Info:    Redeclaring font encoding OML on input line 743.
LaTeX Font Info:    Redeclaring font encoding OMS on input line 744.
\macc@depth=\count191
\c@MaxMatrixCols=\count192
\dotsspace@=\muskip16
\c@parentequation=\count193
\dspbrk@lvl=\count194
\tag@help=\toks23
\row@=\count195
\column@=\count196
\maxfields@=\count197
\andhelp@=\toks24
\eqnshift@=\dimen142
\alignsep@=\dimen143
\tagshift@=\dimen144
\tagwidth@=\dimen145
\totwidth@=\dimen146
\lineht@=\dimen147
\@envbody=\toks25
\multlinegap=\skip53
\multlinetaggap=\skip54
\mathdisplay@stack=\toks26
LaTeX Info: Redefining \[ on input line 2923.
LaTeX Info: Redefining \] on input line 2924.
)
(e:/software/texlive/2020/texmf-dist/tex/latex/amsfonts/amsfonts.sty
Package: amsfonts 2013/01/14 v3.01 Basic AMSFonts support
\symAMSa=\mathgroup4
\symAMSb=\mathgroup5
LaTeX Font Info:    Redeclaring math symbol \hbar on input line 98.
LaTeX Font Info:    Overwriting math alphabet `\mathfrak' in version `bold'
(Font)                  U/euf/m/n --> U/euf/b/n on input line 106.
)
(e:/software/texlive/2020/texmf-dist/tex/latex/amsfonts/amssymb.sty
Package: amssymb 2013/01/14 v3.01 AMS font symbols
)
(e:/software/texlive/2020/texmf-dist/tex/latex/natbib/natbib.sty
Package: natbib 2010/09/13 8.31b (PWD, AO)
\bibhang=\skip55
\bibsep=\skip56
LaTeX Info: Redefining \cite on input line 694.
\c@NAT@ctr=\count198
)
(e:/software/texlive/2020/texmf-dist/tex/latex/hyperref/hyperref.sty
Package: hyperref 2020-05-15 v7.00e Hypertext links for LaTeX

(e:/software/texlive/2020/texmf-dist/tex/generic/iftex/iftex.sty
Package: iftex 2020/03/06 v1.0d TeX engine tests
)
(e:/software/texlive/2020/texmf-dist/tex/generic/pdftexcmds/pdftexcmds.sty
Package: pdftexcmds 2020-06-27 v0.33 Utility functions of pdfTeX for LuaTeX (HO
)

(e:/software/texlive/2020/texmf-dist/tex/generic/infwarerr/infwarerr.sty
Package: infwarerr 2019/12/03 v1.5 Providing info/warning/error messages (HO)
)
Package pdftexcmds Info: \pdf@primitive is available.
Package pdftexcmds Info: \pdf@ifprimitive is available.
Package pdftexcmds Info: \pdfdraftmode found.
)
(e:/software/texlive/2020/texmf-dist/tex/generic/kvdefinekeys/kvdefinekeys.sty
Package: kvdefinekeys 2019-12-19 v1.6 Define keys (HO)
) (e:/software/texlive/2020/texmf-dist/tex/generic/pdfescape/pdfescape.sty
Package: pdfescape 2019/12/09 v1.15 Implements pdfTeX's escape features (HO)
)
(e:/software/texlive/2020/texmf-dist/tex/latex/hycolor/hycolor.sty
Package: hycolor 2020-01-27 v1.10 Color options for hyperref/bookmark (HO)
)
(e:/software/texlive/2020/texmf-dist/tex/latex/letltxmacro/letltxmacro.sty
Package: letltxmacro 2019/12/03 v1.6 Let assignment for LaTeX macros (HO)
)
(e:/software/texlive/2020/texmf-dist/tex/latex/auxhook/auxhook.sty
Package: auxhook 2019-12-17 v1.6 Hooks for auxiliary files (HO)
)
\@linkdim=\dimen148
\Hy@linkcounter=\count199
\Hy@pagecounter=\count266

(e:/software/texlive/2020/texmf-dist/tex/latex/hyperref/pd1enc.def
File: pd1enc.def 2020-05-15 v7.00e Hyperref: PDFDocEncoding definition (HO)
Now handling font encoding PD1 ...
... no UTF-8 mapping file for font encoding PD1
)
(e:/software/texlive/2020/texmf-dist/tex/generic/intcalc/intcalc.sty
Package: intcalc 2019/12/15 v1.3 Expandable calculations with integers (HO)
)
(e:/software/texlive/2020/texmf-dist/tex/generic/etexcmds/etexcmds.sty
Package: etexcmds 2019/12/15 v1.7 Avoid name clashes with e-TeX commands (HO)
)
\Hy@SavedSpaceFactor=\count267
Package hyperref Info: Option `colorlinks' set `true' on input line 4338.
Package hyperref Info: Hyper figures OFF on input line 4464.
Package hyperref Info: Link nesting OFF on input line 4469.
Package hyperref Info: Hyper index ON on input line 4472.
Package hyperref Info: Plain pages OFF on input line 4479.
Package hyperref Info: Backreferencing OFF on input line 4484.
Package hyperref Info: Implicit mode ON; LaTeX internals redefined.
Package hyperref Info: Bookmarks ON on input line 4717.
\c@Hy@tempcnt=\count268

(e:/software/texlive/2020/texmf-dist/tex/latex/url/url.sty
\Urlmuskip=\muskip17
Package: url 2013/09/16  ver 3.4  Verb mode for urls, etc.
)
LaTeX Info: Redefining \url on input line 5076.
\XeTeXLinkMargin=\dimen149

(e:/software/texlive/2020/texmf-dist/tex/generic/bitset/bitset.sty
Package: bitset 2019/12/09 v1.3 Handle bit-vector datatype (HO)

(e:/software/texlive/2020/texmf-dist/tex/generic/bigintcalc/bigintcalc.sty
Package: bigintcalc 2019/12/15 v1.5 Expandable calculations on big integers (HO
)
))
\Fld@menulength=\count269
\Field@Width=\dimen150
\Fld@charsize=\dimen151
Package hyperref Info: Hyper figures OFF on input line 6347.
Package hyperref Info: Link nesting OFF on input line 6352.
Package hyperref Info: Hyper index ON on input line 6355.
Package hyperref Info: backreferencing OFF on input line 6362.
Package hyperref Info: Link coloring ON on input line 6365.
Package hyperref Info: Link coloring with OCG OFF on input line 6372.
Package hyperref Info: PDF/A mode OFF on input line 6377.
LaTeX Info: Redefining \ref on input line 6417.
LaTeX Info: Redefining \pageref on input line 6421.

(e:/software/texlive/2020/texmf-dist/tex/latex/base/atbegshi-ltx.sty
Package: atbegshi-ltx 2020/08/17 v1.0a Emulation of the original atbegshi packa
ge
with kernel methods
)
\Hy@abspage=\count270
\c@Item=\count271
\c@Hfootnote=\count272
)
Package hyperref Info: Driver (autodetected): hpdftex.

(e:/software/texlive/2020/texmf-dist/tex/latex/hyperref/hpdftex.def
File: hpdftex.def 2020-05-15 v7.00e Hyperref driver for pdfTeX

(e:/software/texlive/2020/texmf-dist/tex/latex/base/atveryend-ltx.sty
Package: atveryend-ltx 2020/08/19 v1.0a Emulation of the original atvery packag
e
with kernel methods
)
\Fld@listcount=\count273
\c@bookmark@seq@number=\count274

(e:/software/texlive/2020/texmf-dist/tex/latex/rerunfilecheck/rerunfilecheck.st
y
Package: rerunfilecheck 2019/12/05 v1.9 Rerun checks for auxiliary files (HO)

(e:/software/texlive/2020/texmf-dist/tex/generic/uniquecounter/uniquecounter.st
y
Package: uniquecounter 2019/12/15 v1.4 Provide unlimited unique counter (HO)
)
Package uniquecounter Info: New unique counter `rerunfilecheck' on input line 2
86.
)
\Hy@SectionHShift=\skip57
) (e:/software/texlive/2020/texmf-dist/tex/latex/graphics/graphicx.sty
Package: graphicx 2020/09/09 v1.2b Enhanced LaTeX Graphics (DPC,SPQR)

(e:/software/texlive/2020/texmf-dist/tex/latex/graphics/graphics.sty
Package: graphics 2020/08/30 v1.4c Standard LaTeX Graphics (DPC,SPQR)

(e:/software/texlive/2020/texmf-dist/tex/latex/graphics/trig.sty
Package: trig 2016/01/03 v1.10 sin cos tan (DPC)
)
(e:/software/texlive/2020/texmf-dist/tex/latex/graphics-cfg/graphics.cfg
File: graphics.cfg 2016/06/04 v1.11 sample graphics configuration
)
Package graphics Info: Driver file: pdftex.def on input line 105.

(e:/software/texlive/2020/texmf-dist/tex/latex/graphics-def/pdftex.def
File: pdftex.def 2020/10/05 v1.2a Graphics/color driver for pdftex
))
\Gin@req@height=\dimen152
\Gin@req@width=\dimen153
)
(e:/software/texlive/2020/texmf-dist/tex/latex/tools/bm.sty
Package: bm 2019/07/24 v1.2d Bold Symbol Support (DPC/FMi)
\symboldoperators=\mathgroup6
\symboldletters=\mathgroup7
\symboldsymbols=\mathgroup8
LaTeX Font Info:    Redeclaring math alphabet \mathbf on input line 141.
LaTeX Info: Redefining \bm on input line 209.
)
(e:/software/texlive/2020/texmf-dist/tex/latex/appendix/appendix.sty
Package: appendix 2020/02/08 v1.2c extra appendix facilities
\c@@pps=\count275
\c@@ppsavesec=\count276
\c@@ppsaveapp=\count277
)
(e:/software/texlive/2020/texmf-dist/tex/latex/l3backend/l3backend-pdftex.def
File: l3backend-pdftex.def 2020-09-24 L3 backend support: PDF output (pdfTeX)
\l__kernel_color_stack_int=\count278
\l__pdf_internal_box=\box49
)
(./document.aux)
\openout1 = `document.aux'.

LaTeX Font Info:    Checking defaults for OML/cmm/m/it on input line 26.
LaTeX Font Info:    ... okay on input line 26.
LaTeX Font Info:    Checking defaults for OMS/cmsy/m/n on input line 26.
LaTeX Font Info:    ... okay on input line 26.
LaTeX Font Info:    Checking defaults for OT1/cmr/m/n on input line 26.
LaTeX Font Info:    ... okay on input line 26.
LaTeX Font Info:    Checking defaults for T1/cmr/m/n on input line 26.
LaTeX Font Info:    ... okay on input line 26.
LaTeX Font Info:    Checking defaults for TS1/cmr/m/n on input line 26.
LaTeX Font Info:    ... okay on input line 26.
LaTeX Font Info:    Checking defaults for OMX/cmex/m/n on input line 26.
LaTeX Font Info:    ... okay on input line 26.
LaTeX Font Info:    Checking defaults for U/cmr/m/n on input line 26.
LaTeX Font Info:    ... okay on input line 26.
LaTeX Font Info:    Checking defaults for PD1/pdf/m/n on input line 26.
LaTeX Font Info:    ... okay on input line 26.

(e:/software/texlive/2020/texmf-dist/tex/latex/graphics/color.sty
Package: color 2020/02/24 v1.2b Standard LaTeX Color (DPC)

(e:/software/texlive/2020/texmf-dist/tex/latex/graphics-cfg/color.cfg
File: color.cfg 2016/01/02 v1.6 sample color configuration
)
Package color Info: Driver file: pdftex.def on input line 147.
)
Package hyperref Info: Link coloring ON on input line 26.

(e:/software/texlive/2020/texmf-dist/tex/latex/hyperref/nameref.sty
Package: nameref 2019/09/16 v2.46 Cross-referencing by name of section

(e:/software/texlive/2020/texmf-dist/tex/latex/refcount/refcount.sty
Package: refcount 2019/12/15 v3.6 Data extraction from label references (HO)
)
(e:/software/texlive/2020/texmf-dist/tex/generic/gettitlestring/gettitlestring.
sty
Package: gettitlestring 2019/12/15 v1.6 Cleanup title references (HO)
)
\c@section@level=\count279
)
LaTeX Info: Redefining \ref on input line 26.
LaTeX Info: Redefining \pageref on input line 26.
LaTeX Info: Redefining \nameref on input line 26.
 (./document.out) (./document.out)
\@outlinefile=\write3
\openout3 = `document.out'.


(e:/software/texlive/2020/texmf-dist/tex/context/base/mkii/supp-pdf.mkii
[Loading MPS to PDF converter (version 2006.09.02).]
\scratchcounter=\count280
\scratchdimen=\dimen154
\scratchbox=\box50
\nofMPsegments=\count281
\nofMParguments=\count282
\everyMPshowfont=\toks27
\MPscratchCnt=\count283
\MPscratchDim=\dimen155
\MPnumerator=\count284
\makeMPintoPDFobject=\count285
\everyMPtoPDFconversion=\toks28
) (e:/software/texlive/2020/texmf-dist/tex/latex/epstopdf-pkg/epstopdf-base.sty
Package: epstopdf-base 2020-01-24 v2.11 Base part for package epstopdf
Package epstopdf-base Info: Redefining graphics rule for `.eps' on input line 4
85.
(e:/software/texlive/2020/texmf-dist/tex/latex/latexconfig/epstopdf-sys.cfg
File: epstopdf-sys.cfg 2010/07/13 v1.3 Configuration of (r)epstopdf for TeX Liv
e
))
LaTeX Font Info:    Trying to load font information for U+msa on input line 28.


(e:/software/texlive/2020/texmf-dist/tex/latex/amsfonts/umsa.fd
File: umsa.fd 2013/01/14 v3.01 AMS symbols A
)
LaTeX Font Info:    Trying to load font information for U+msb on input line 28.


(e:/software/texlive/2020/texmf-dist/tex/latex/amsfonts/umsb.fd
File: umsb.fd 2013/01/14 v3.01 AMS symbols B
) [1

{e:/software/texlive/2020/texmf-var/fonts/map/pdftex/updmap/pdftex.map}] [2]
Overfull \hbox (9.12369pt too wide) detected at line 73
[]
 []

[3] [4]
<figure1.png, id=182, 959.585pt x 602.25pt>
File: figure1.png Graphic file (type png)
<use figure1.png>
Package pdftex.def Info: figure1.png  used on input line 98.
(pdftex.def)             Requested size: 345.0pt x 216.52495pt.


LaTeX Warning: `!h' float specifier changed to `!ht'.

<figure2.png, id=186, 980.66376pt x 332.24126pt>
File: figure2.png Graphic file (type png)
<use figure2.png>
Package pdftex.def Info: figure2.png  used on input line 107.
(pdftex.def)             Requested size: 345.0pt x 116.87932pt.

LaTeX Warning: `!h' float specifier changed to `!ht'.

[5]
<figure3.png, id=198, 1164.35pt x 370.38374pt>
File: figure3.png Graphic file (type png)
<use figure3.png>
Package pdftex.def Info: figure3.png  used on input line 116.
(pdftex.def)             Requested size: 345.0pt x 109.74263pt.


LaTeX Warning: `!h' float specifier changed to `!ht'.

[6 <./figure1.png>] [7 <./figure2.png> <./figure3.png>]
<figure4.png, id=226, 759.83875pt x 665.48625pt>
File: figure4.png Graphic file (type png)
<use figure4.png>
Package pdftex.def Info: figure4.png  used on input line 135.
(pdftex.def)             Requested size: 345.0pt x 302.16713pt.


LaTeX Warning: `!h' float specifier changed to `!ht'.

[8] [9 <./figure4.png>]
<figure5.png, id=248, 910.40125pt x 553.06625pt>
File: figure5.png Graphic file (type png)
<use figure5.png>
Package pdftex.def Info: figure5.png  used on input line 149.
(pdftex.def)             Requested size: 345.0pt x 209.58505pt.


LaTeX Warning: `!h' float specifier changed to `!ht'.

[10] [11 <./figure5.png>] (./document.bbl [12] [13] [14] [15])
Overfull \hbox (14.3793pt too wide) in paragraph at lines 172--173
\OT1/cmr/m/n/9 After con-ver-gence, we have an ap-prox-i-ma-tion of the log-pos
terior $\OML/cmm/m/it/9 P\OT1/cmr/m/n/9 (\OML/cmm/b/it/9 ^^R[]\OMS/cmsy/m/n/9 j
\OML/cmm/b/it/9 Y\OT1/cmr/m/n/9 ) \OMS/cmsy/m/n/9 ^^Y \OML/cmm/m/it/9 N\OT1/cmr
/m/n/9 (\OML/cmm/b/it/9 ^^R[]\OMS/cmsy/m/n/9 j\OML/cmm/b/it/9 ^^V[]\OML/cmm/m/i
t/9 ; \OT1/cmr/bx/n/9 ^^F[]\OT1/cmr/m/n/9 )$,
 []


Overfull \hbox (12.16124pt too wide) in paragraph at lines 174--178
[]\OT1/cmr/m/n/9 The CMP pa-ram-e-ters are log-normal dis-tributed. Let $\OML/c
mm/b/it/9 Z[] \OT1/cmr/m/n/9 = []$, then $(\OML/cmm/m/it/9 ^^U[]; ^^W[]\OT1/cmr
/m/n/9 )[] =
 []

[16]
Overfull \hbox (1.6562pt too wide) in paragraph at lines 191--191
[]\OT1/cmr/bx/n/14.4 Moments ap-prox-i-ma-tion for Conway-Maxwell
 []

[17] [18]
Overfull \hbox (17.14624pt too wide) in paragraph at lines 262--264
\OT1/cmr/m/n/9 tion $\OMS/cmsy/m/n/9 ^^@rr[]\OML/cmm/m/it/9 f$ \OT1/cmr/m/n/9 b
y the ex-pected in-for-ma-tion $\OML/cmm/m/it/9 E\OT1/cmr/m/n/9 (\OMS/cmsy/m/n/
9 ^^@rr[]\OML/cmm/m/it/9 f\OT1/cmr/m/n/9 )$, so that $\OML/cmm/b/it/9 C[] \OT1/
cmr/m/n/9 = \OML/cmm/m/it/9 ^^W[]Var\OT1/cmr/m/n/9 ([] \OML/cmm/m/it/9 Y[]\OT1/
cmr/m/n/9 !)\OML/cmm/b/it/9 g[]g[]$
 []


Underfull \hbox (badness 10000) in paragraph at lines 262--264

 []

[19] (./document.aux)
Package rerunfilecheck Info: File `document.out' has not changed.
(rerunfilecheck)             Checksum: 7C5FE5B7F23268E750118288FBC8C2C3;1051.
 ) 
Here is how much of TeX's memory you used:
 7543 strings out of 479383
 110281 string characters out of 5868871
 438777 words of memory out of 5000000
 24385 multiletter control sequences out of 15000+600000
 421159 words of font info for 91 fonts, out of 8000000 for 9000
 1141 hyphenation exceptions out of 8191
 66i,18n,72p,1850b,595s stack positions out of 5000i,500n,10000p,200000b,80000s
{e:/software/texlive/2020/texmf-dist/fonts/enc/dvips/cm-super/cm-super-ts1.en
c}<e:/software/texlive/2020/texmf-dist/fonts/type1/public/amsfonts/cmextra/cmbs
y6.pfb><e:/software/texlive/2020/texmf-dist/fonts/type1/public/amsfonts/cmextra
/cmbsy9.pfb><e:/software/texlive/2020/texmf-dist/fonts/type1/public/amsfonts/cm
/cmbx10.pfb><e:/software/texlive/2020/texmf-dist/fonts/type1/public/amsfonts/cm
/cmbx12.pfb><e:/software/texlive/2020/texmf-dist/fonts/type1/public/amsfonts/cm
/cmbx6.pfb><e:/software/texlive/2020/texmf-dist/fonts/type1/public/amsfonts/cm/
cmbx9.pfb><e:/software/texlive/2020/texmf-dist/fonts/type1/public/amsfonts/cm/c
mbxti10.pfb><e:/software/texlive/2020/texmf-dist/fonts/type1/public/amsfonts/cm
extra/cmex9.pfb><e:/software/texlive/2020/texmf-dist/fonts/type1/public/amsfont
s/cm/cmmi10.pfb><e:/software/texlive/2020/texmf-dist/fonts/type1/public/amsfont
s/cm/cmmi5.pfb><e:/software/texlive/2020/texmf-dist/fonts/type1/public/amsfonts
/cm/cmmi6.pfb><e:/software/texlive/2020/texmf-dist/fonts/type1/public/amsfonts/
cm/cmmi7.pfb><e:/software/texlive/2020/texmf-dist/fonts/type1/public/amsfonts/c
m/cmmi9.pfb><e:/software/texlive/2020/texmf-dist/fonts/type1/public/amsfonts/cm
/cmmib10.pfb><e:/software/texlive/2020/texmf-dist/fonts/type1/public/amsfonts/c
mextra/cmmib6.pfb><e:/software/texlive/2020/texmf-dist/fonts/type1/public/amsfo
nts/cmextra/cmmib9.pfb><e:/software/texlive/2020/texmf-dist/fonts/type1/public/
amsfonts/cm/cmr10.pfb><e:/software/texlive/2020/texmf-dist/fonts/type1/public/a
msfonts/cm/cmr12.pfb><e:/software/texlive/2020/texmf-dist/fonts/type1/public/am
sfonts/cm/cmr17.pfb><e:/software/texlive/2020/texmf-dist/fonts/type1/public/ams
fonts/cm/cmr5.pfb><e:/software/texlive/2020/texmf-dist/fonts/type1/public/amsfo
nts/cm/cmr6.pfb><e:/software/texlive/2020/texmf-dist/fonts/type1/public/amsfont
s/cm/cmr8.pfb><e:/software/texlive/2020/texmf-dist/fonts/type1/public/amsfonts/
cm/cmr9.pfb><e:/software/texlive/2020/texmf-dist/fonts/type1/public/amsfonts/cm
/cmsy5.pfb><e:/software/texlive/2020/texmf-dist/fonts/type1/public/amsfonts/cm/
cmsy6.pfb><e:/software/texlive/2020/texmf-dist/fonts/type1/public/amsfonts/cm/c
msy9.pfb><e:/software/texlive/2020/texmf-dist/fonts/type1/public/amsfonts/cm/cm
ti9.pfb><e:/software/texlive/2020/texmf-dist/fonts/type1/public/amsfonts/cm/cmt
t9.pfb><e:/software/texlive/2020/texmf-dist/fonts/type1/public/amsfonts/symbols
/msbm10.pfb><e:/software/texlive/2020/texmf-dist/fonts/type1/public/cm-super/sf
rm0600.pfb><e:/software/texlive/2020/texmf-dist/fonts/type1/public/cm-super/sfr
m0800.pfb><e:/software/texlive/2020/texmf-dist/fonts/type1/public/cm-super/sfrm
1000.pfb>
Output written on document.pdf (19 pages, 1159413 bytes).
PDF statistics:
 475 PDF objects out of 1000 (max. 8388607)
 411 compressed objects within 5 object streams
 107 named destinations out of 1000 (max. 500000)
 146 words of extra memory for PDF output out of 10000 (max. 10000000)

